C:\USERS\OWNER\DESKTOP\SUNSHINE\PUZZLEGAME\WIN32PROJECT3\DEBUG\BLOCK.OBJ
C:\USERS\OWNER\DESKTOP\SUNSHINE\PUZZLEGAME\WIN32PROJECT3\DEBUG\BLOCKTREE.OBJ
C:\USERS\OWNER\DESKTOP\SUNSHINE\PUZZLEGAME\WIN32PROJECT3\DEBUG\SOURCE.OBJ
C:\USERS\OWNER\DESKTOP\SUNSHINE\PUZZLEGAME\WIN32PROJECT3\DEBUG\VC110.PDB
C:\USERS\OWNER\DESKTOP\SUNSHINE\PUZZLEGAME\DEBUG\PUZZLEGAME.ILK
C:\USERS\OWNER\DESKTOP\SUNSHINE\PUZZLEGAME\DEBUG\PUZZLEGAME.EXE
C:\USERS\OWNER\DESKTOP\SUNSHINE\PUZZLEGAME\DEBUG\PUZZLEGAME.PDB
C:\Users\Owner\Desktop\Sunshine\PuzzleGame\Win32Project3\Debug\Block.obj
C:\Users\Owner\Desktop\Sunshine\PuzzleGame\Win32Project3\Debug\Blocktree.obj
C:\Users\Owner\Desktop\Sunshine\PuzzleGame\Win32Project3\Debug\Source.obj
C:\Users\Owner\Desktop\Sunshine\PuzzleGame\Win32Project3\Debug\cl.command.1.tlog
C:\Users\Owner\Desktop\Sunshine\PuzzleGame\Win32Project3\Debug\CL.read.1.tlog
C:\Users\Owner\Desktop\Sunshine\PuzzleGame\Win32Project3\Debug\CL.write.1.tlog
C:\Users\Owner\Desktop\Sunshine\PuzzleGame\Win32Project3\Debug\link-cvtres.read.1.tlog
C:\Users\Owner\Desktop\Sunshine\PuzzleGame\Win32Project3\Debug\link-cvtres.write.1.tlog
C:\Users\Owner\Desktop\Sunshine\PuzzleGame\Win32Project3\Debug\link-rc.read.1.tlog
C:\Users\Owner\Desktop\Sunshine\PuzzleGame\Win32Project3\Debug\link-rc.write.1.tlog
C:\Users\Owner\Desktop\Sunshine\PuzzleGame\Win32Project3\Debug\link.1148-cvtres.read.1.tlog
C:\Users\Owner\Desktop\Sunshine\PuzzleGame\Win32Project3\Debug\link.1148-cvtres.write.1.tlog
C:\Users\Owner\Desktop\Sunshine\PuzzleGame\Win32Project3\Debug\link.1148-rc.read.1.tlog
C:\Users\Owner\Desktop\Sunshine\PuzzleGame\Win32Project3\Debug\link.1148-rc.write.1.tlog
C:\Users\Owner\Desktop\Sunshine\PuzzleGame\Win32Project3\Debug\link.1148.read.1.tlog
C:\Users\Owner\Desktop\Sunshine\PuzzleGame\Win32Project3\Debug\link.1148.read.2.tlog
C:\Users\Owner\Desktop\Sunshine\PuzzleGame\Win32Project3\Debug\link.1148.write.1.tlog
C:\Users\Owner\Desktop\Sunshine\PuzzleGame\Win32Project3\Debug\link.2008-cvtres.read.1.tlog
C:\Users\Owner\Desktop\Sunshine\PuzzleGame\Win32Project3\Debug\link.2008-cvtres.write.1.tlog
C:\Users\Owner\Desktop\Sunshine\PuzzleGame\Win32Project3\Debug\link.2008-rc.read.1.tlog
C:\Users\Owner\Desktop\Sunshine\PuzzleGame\Win32Project3\Debug\link.2008-rc.write.1.tlog
C:\Users\Owner\Desktop\Sunshine\PuzzleGame\Win32Project3\Debug\link.2008.read.1.tlog
C:\Users\Owner\Desktop\Sunshine\PuzzleGame\Win32Project3\Debug\link.2008.read.2.tlog
C:\Users\Owner\Desktop\Sunshine\PuzzleGame\Win32Project3\Debug\link.2008.write.1.tlog
C:\Users\Owner\Desktop\Sunshine\PuzzleGame\Win32Project3\Debug\link.368-cvtres.read.1.tlog
C:\Users\Owner\Desktop\Sunshine\PuzzleGame\Win32Project3\Debug\link.368-cvtres.write.1.tlog
C:\Users\Owner\Desktop\Sunshine\PuzzleGame\Win32Project3\Debug\link.368-rc.read.1.tlog
C:\Users\Owner\Desktop\Sunshine\PuzzleGame\Win32Project3\Debug\link.368-rc.write.1.tlog
C:\Users\Owner\Desktop\Sunshine\PuzzleGame\Win32Project3\Debug\link.368.read.1.tlog
C:\Users\Owner\Desktop\Sunshine\PuzzleGame\Win32Project3\Debug\link.368.read.2.tlog
C:\Users\Owner\Desktop\Sunshine\PuzzleGame\Win32Project3\Debug\link.368.write.1.tlog
C:\Users\Owner\Desktop\Sunshine\PuzzleGame\Win32Project3\Debug\link.3784-cvtres.read.1.tlog
C:\Users\Owner\Desktop\Sunshine\PuzzleGame\Win32Project3\Debug\link.3784-cvtres.write.1.tlog
C:\Users\Owner\Desktop\Sunshine\PuzzleGame\Win32Project3\Debug\link.3784-rc.read.1.tlog
C:\Users\Owner\Desktop\Sunshine\PuzzleGame\Win32Project3\Debug\link.3784-rc.write.1.tlog
C:\Users\Owner\Desktop\Sunshine\PuzzleGame\Win32Project3\Debug\link.3784.read.1.tlog
C:\Users\Owner\Desktop\Sunshine\PuzzleGame\Win32Project3\Debug\link.3784.read.2.tlog
C:\Users\Owner\Desktop\Sunshine\PuzzleGame\Win32Project3\Debug\link.3784.write.1.tlog
C:\Users\Owner\Desktop\Sunshine\PuzzleGame\Win32Project3\Debug\link.4544-cvtres.read.1.tlog
C:\Users\Owner\Desktop\Sunshine\PuzzleGame\Win32Project3\Debug\link.4544-cvtres.write.1.tlog
C:\Users\Owner\Desktop\Sunshine\PuzzleGame\Win32Project3\Debug\link.4544-rc.read.1.tlog
C:\Users\Owner\Desktop\Sunshine\PuzzleGame\Win32Project3\Debug\link.4544-rc.write.1.tlog
C:\Users\Owner\Desktop\Sunshine\PuzzleGame\Win32Project3\Debug\link.4544.read.1.tlog
C:\Users\Owner\Desktop\Sunshine\PuzzleGame\Win32Project3\Debug\link.4544.read.2.tlog
C:\Users\Owner\Desktop\Sunshine\PuzzleGame\Win32Project3\Debug\link.4544.write.1.tlog
C:\Users\Owner\Desktop\Sunshine\PuzzleGame\Win32Project3\Debug\link.4876-cvtres.read.1.tlog
C:\Users\Owner\Desktop\Sunshine\PuzzleGame\Win32Project3\Debug\link.4876-cvtres.write.1.tlog
C:\Users\Owner\Desktop\Sunshine\PuzzleGame\Win32Project3\Debug\link.4876-rc.read.1.tlog
C:\Users\Owner\Desktop\Sunshine\PuzzleGame\Win32Project3\Debug\link.4876-rc.write.1.tlog
C:\Users\Owner\Desktop\Sunshine\PuzzleGame\Win32Project3\Debug\link.4876.read.1.tlog
C:\Users\Owner\Desktop\Sunshine\PuzzleGame\Win32Project3\Debug\link.4876.read.2.tlog
C:\Users\Owner\Desktop\Sunshine\PuzzleGame\Win32Project3\Debug\link.4876.write.1.tlog
C:\Users\Owner\Desktop\Sunshine\PuzzleGame\Win32Project3\Debug\link.6216-cvtres.read.1.tlog
C:\Users\Owner\Desktop\Sunshine\PuzzleGame\Win32Project3\Debug\link.6216-cvtres.write.1.tlog
C:\Users\Owner\Desktop\Sunshine\PuzzleGame\Win32Project3\Debug\link.6216-rc.read.1.tlog
C:\Users\Owner\Desktop\Sunshine\PuzzleGame\Win32Project3\Debug\link.6216-rc.write.1.tlog
C:\Users\Owner\Desktop\Sunshine\PuzzleGame\Win32Project3\Debug\link.6216.read.1.tlog
C:\Users\Owner\Desktop\Sunshine\PuzzleGame\Win32Project3\Debug\link.6216.read.2.tlog
C:\Users\Owner\Desktop\Sunshine\PuzzleGame\Win32Project3\Debug\link.6216.write.1.tlog
C:\Users\Owner\Desktop\Sunshine\PuzzleGame\Win32Project3\Debug\link.6256-cvtres.read.1.tlog
C:\Users\Owner\Desktop\Sunshine\PuzzleGame\Win32Project3\Debug\link.6256-cvtres.write.1.tlog
C:\Users\Owner\Desktop\Sunshine\PuzzleGame\Win32Project3\Debug\link.6256-rc.read.1.tlog
C:\Users\Owner\Desktop\Sunshine\PuzzleGame\Win32Project3\Debug\link.6256-rc.write.1.tlog
C:\Users\Owner\Desktop\Sunshine\PuzzleGame\Win32Project3\Debug\link.6256.read.1.tlog
C:\Users\Owner\Desktop\Sunshine\PuzzleGame\Win32Project3\Debug\link.6256.read.2.tlog
C:\Users\Owner\Desktop\Sunshine\PuzzleGame\Win32Project3\Debug\link.6256.write.1.tlog
C:\Users\Owner\Desktop\Sunshine\PuzzleGame\Win32Project3\Debug\link.6352-cvtres.read.1.tlog
C:\Users\Owner\Desktop\Sunshine\PuzzleGame\Win32Project3\Debug\link.6352-cvtres.write.1.tlog
C:\Users\Owner\Desktop\Sunshine\PuzzleGame\Win32Project3\Debug\link.6352-rc.read.1.tlog
C:\Users\Owner\Desktop\Sunshine\PuzzleGame\Win32Project3\Debug\link.6352-rc.write.1.tlog
C:\Users\Owner\Desktop\Sunshine\PuzzleGame\Win32Project3\Debug\link.6352.read.1.tlog
C:\Users\Owner\Desktop\Sunshine\PuzzleGame\Win32Project3\Debug\link.6352.read.2.tlog
C:\Users\Owner\Desktop\Sunshine\PuzzleGame\Win32Project3\Debug\link.6352.write.1.tlog
C:\Users\Owner\Desktop\Sunshine\PuzzleGame\Win32Project3\Debug\link.6436-cvtres.read.1.tlog
C:\Users\Owner\Desktop\Sunshine\PuzzleGame\Win32Project3\Debug\link.6436-cvtres.write.1.tlog
C:\Users\Owner\Desktop\Sunshine\PuzzleGame\Win32Project3\Debug\link.6436-rc.read.1.tlog
C:\Users\Owner\Desktop\Sunshine\PuzzleGame\Win32Project3\Debug\link.6436-rc.write.1.tlog
C:\Users\Owner\Desktop\Sunshine\PuzzleGame\Win32Project3\Debug\link.6436.read.1.tlog
C:\Users\Owner\Desktop\Sunshine\PuzzleGame\Win32Project3\Debug\link.6436.read.2.tlog
C:\Users\Owner\Desktop\Sunshine\PuzzleGame\Win32Project3\Debug\link.6436.write.1.tlog
C:\Users\Owner\Desktop\Sunshine\PuzzleGame\Win32Project3\Debug\link.6460-cvtres.read.1.tlog
C:\Users\Owner\Desktop\Sunshine\PuzzleGame\Win32Project3\Debug\link.6460-cvtres.write.1.tlog
C:\Users\Owner\Desktop\Sunshine\PuzzleGame\Win32Project3\Debug\link.6460-rc.read.1.tlog
C:\Users\Owner\Desktop\Sunshine\PuzzleGame\Win32Project3\Debug\link.6460-rc.write.1.tlog
C:\Users\Owner\Desktop\Sunshine\PuzzleGame\Win32Project3\Debug\link.6460.read.1.tlog
C:\Users\Owner\Desktop\Sunshine\PuzzleGame\Win32Project3\Debug\link.6460.read.2.tlog
C:\Users\Owner\Desktop\Sunshine\PuzzleGame\Win32Project3\Debug\link.6460.write.1.tlog
C:\Users\Owner\Desktop\Sunshine\PuzzleGame\Win32Project3\Debug\link.6516-cvtres.read.1.tlog
C:\Users\Owner\Desktop\Sunshine\PuzzleGame\Win32Project3\Debug\link.6516-cvtres.write.1.tlog
C:\Users\Owner\Desktop\Sunshine\PuzzleGame\Win32Project3\Debug\link.6516-rc.read.1.tlog
C:\Users\Owner\Desktop\Sunshine\PuzzleGame\Win32Project3\Debug\link.6516-rc.write.1.tlog
C:\Users\Owner\Desktop\Sunshine\PuzzleGame\Win32Project3\Debug\link.6516.read.1.tlog
C:\Users\Owner\Desktop\Sunshine\PuzzleGame\Win32Project3\Debug\link.6516.read.2.tlog
C:\Users\Owner\Desktop\Sunshine\PuzzleGame\Win32Project3\Debug\link.6516.write.1.tlog
C:\Users\Owner\Desktop\Sunshine\PuzzleGame\Win32Project3\Debug\link.6968-cvtres.read.1.tlog
C:\Users\Owner\Desktop\Sunshine\PuzzleGame\Win32Project3\Debug\link.6968-cvtres.write.1.tlog
C:\Users\Owner\Desktop\Sunshine\PuzzleGame\Win32Project3\Debug\link.6968-rc.read.1.tlog
C:\Users\Owner\Desktop\Sunshine\PuzzleGame\Win32Project3\Debug\link.6968-rc.write.1.tlog
C:\Users\Owner\Desktop\Sunshine\PuzzleGame\Win32Project3\Debug\link.6968.read.1.tlog
C:\Users\Owner\Desktop\Sunshine\PuzzleGame\Win32Project3\Debug\link.6968.read.2.tlog
C:\Users\Owner\Desktop\Sunshine\PuzzleGame\Win32Project3\Debug\link.6968.write.1.tlog
C:\Users\Owner\Desktop\Sunshine\PuzzleGame\Win32Project3\Debug\link.7032-cvtres.read.1.tlog
C:\Users\Owner\Desktop\Sunshine\PuzzleGame\Win32Project3\Debug\link.7032-cvtres.write.1.tlog
C:\Users\Owner\Desktop\Sunshine\PuzzleGame\Win32Project3\Debug\link.7032-rc.read.1.tlog
C:\Users\Owner\Desktop\Sunshine\PuzzleGame\Win32Project3\Debug\link.7032-rc.write.1.tlog
C:\Users\Owner\Desktop\Sunshine\PuzzleGame\Win32Project3\Debug\link.7032.read.1.tlog
C:\Users\Owner\Desktop\Sunshine\PuzzleGame\Win32Project3\Debug\link.7032.read.2.tlog
C:\Users\Owner\Desktop\Sunshine\PuzzleGame\Win32Project3\Debug\link.7032.write.1.tlog
C:\Users\Owner\Desktop\Sunshine\PuzzleGame\Win32Project3\Debug\link.7164-cvtres.read.1.tlog
C:\Users\Owner\Desktop\Sunshine\PuzzleGame\Win32Project3\Debug\link.7164-cvtres.write.1.tlog
C:\Users\Owner\Desktop\Sunshine\PuzzleGame\Win32Project3\Debug\link.7164-rc.read.1.tlog
C:\Users\Owner\Desktop\Sunshine\PuzzleGame\Win32Project3\Debug\link.7164-rc.write.1.tlog
C:\Users\Owner\Desktop\Sunshine\PuzzleGame\Win32Project3\Debug\link.7164.read.1.tlog
C:\Users\Owner\Desktop\Sunshine\PuzzleGame\Win32Project3\Debug\link.7164.read.2.tlog
C:\Users\Owner\Desktop\Sunshine\PuzzleGame\Win32Project3\Debug\link.7164.write.1.tlog
C:\Users\Owner\Desktop\Sunshine\PuzzleGame\Win32Project3\Debug\link.7372-cvtres.read.1.tlog
C:\Users\Owner\Desktop\Sunshine\PuzzleGame\Win32Project3\Debug\link.7372-cvtres.write.1.tlog
C:\Users\Owner\Desktop\Sunshine\PuzzleGame\Win32Project3\Debug\link.7372-rc.read.1.tlog
C:\Users\Owner\Desktop\Sunshine\PuzzleGame\Win32Project3\Debug\link.7372-rc.write.1.tlog
C:\Users\Owner\Desktop\Sunshine\PuzzleGame\Win32Project3\Debug\link.7372.read.1.tlog
C:\Users\Owner\Desktop\Sunshine\PuzzleGame\Win32Project3\Debug\link.7372.read.2.tlog
C:\Users\Owner\Desktop\Sunshine\PuzzleGame\Win32Project3\Debug\link.7372.write.1.tlog
C:\Users\Owner\Desktop\Sunshine\PuzzleGame\Win32Project3\Debug\link.7568-cvtres.read.1.tlog
C:\Users\Owner\Desktop\Sunshine\PuzzleGame\Win32Project3\Debug\link.7568-cvtres.write.1.tlog
C:\Users\Owner\Desktop\Sunshine\PuzzleGame\Win32Project3\Debug\link.7568-rc.read.1.tlog
C:\Users\Owner\Desktop\Sunshine\PuzzleGame\Win32Project3\Debug\link.7568-rc.write.1.tlog
C:\Users\Owner\Desktop\Sunshine\PuzzleGame\Win32Project3\Debug\link.7568.read.1.tlog
C:\Users\Owner\Desktop\Sunshine\PuzzleGame\Win32Project3\Debug\link.7568.write.1.tlog
C:\Users\Owner\Desktop\Sunshine\PuzzleGame\Win32Project3\Debug\link.7620-cvtres.read.1.tlog
C:\Users\Owner\Desktop\Sunshine\PuzzleGame\Win32Project3\Debug\link.7620-cvtres.write.1.tlog
C:\Users\Owner\Desktop\Sunshine\PuzzleGame\Win32Project3\Debug\link.7620-rc.read.1.tlog
C:\Users\Owner\Desktop\Sunshine\PuzzleGame\Win32Project3\Debug\link.7620-rc.write.1.tlog
C:\Users\Owner\Desktop\Sunshine\PuzzleGame\Win32Project3\Debug\link.7620.read.1.tlog
C:\Users\Owner\Desktop\Sunshine\PuzzleGame\Win32Project3\Debug\link.7620.read.2.tlog
C:\Users\Owner\Desktop\Sunshine\PuzzleGame\Win32Project3\Debug\link.7620.write.1.tlog
C:\Users\Owner\Desktop\Sunshine\PuzzleGame\Win32Project3\Debug\link.7760-cvtres.read.1.tlog
C:\Users\Owner\Desktop\Sunshine\PuzzleGame\Win32Project3\Debug\link.7760-cvtres.write.1.tlog
C:\Users\Owner\Desktop\Sunshine\PuzzleGame\Win32Project3\Debug\link.7760-rc.read.1.tlog
C:\Users\Owner\Desktop\Sunshine\PuzzleGame\Win32Project3\Debug\link.7760-rc.write.1.tlog
C:\Users\Owner\Desktop\Sunshine\PuzzleGame\Win32Project3\Debug\link.7760.read.1.tlog
C:\Users\Owner\Desktop\Sunshine\PuzzleGame\Win32Project3\Debug\link.7760.read.2.tlog
C:\Users\Owner\Desktop\Sunshine\PuzzleGame\Win32Project3\Debug\link.7760.write.1.tlog
C:\Users\Owner\Desktop\Sunshine\PuzzleGame\Win32Project3\Debug\link.7788-cvtres.read.1.tlog
C:\Users\Owner\Desktop\Sunshine\PuzzleGame\Win32Project3\Debug\link.7788-cvtres.write.1.tlog
C:\Users\Owner\Desktop\Sunshine\PuzzleGame\Win32Project3\Debug\link.7788-rc.read.1.tlog
C:\Users\Owner\Desktop\Sunshine\PuzzleGame\Win32Project3\Debug\link.7788-rc.write.1.tlog
C:\Users\Owner\Desktop\Sunshine\PuzzleGame\Win32Project3\Debug\link.7788.read.1.tlog
C:\Users\Owner\Desktop\Sunshine\PuzzleGame\Win32Project3\Debug\link.7788.read.2.tlog
C:\Users\Owner\Desktop\Sunshine\PuzzleGame\Win32Project3\Debug\link.7788.write.1.tlog
C:\Users\Owner\Desktop\Sunshine\PuzzleGame\Win32Project3\Debug\link.7856-cvtres.read.1.tlog
C:\Users\Owner\Desktop\Sunshine\PuzzleGame\Win32Project3\Debug\link.7856-cvtres.write.1.tlog
C:\Users\Owner\Desktop\Sunshine\PuzzleGame\Win32Project3\Debug\link.7856-rc.read.1.tlog
C:\Users\Owner\Desktop\Sunshine\PuzzleGame\Win32Project3\Debug\link.7856-rc.write.1.tlog
C:\Users\Owner\Desktop\Sunshine\PuzzleGame\Win32Project3\Debug\link.7856.read.1.tlog
C:\Users\Owner\Desktop\Sunshine\PuzzleGame\Win32Project3\Debug\link.7856.read.2.tlog
C:\Users\Owner\Desktop\Sunshine\PuzzleGame\Win32Project3\Debug\link.7856.write.1.tlog
C:\Users\Owner\Desktop\Sunshine\PuzzleGame\Win32Project3\Debug\link.8012-cvtres.read.1.tlog
C:\Users\Owner\Desktop\Sunshine\PuzzleGame\Win32Project3\Debug\link.8012-cvtres.write.1.tlog
C:\Users\Owner\Desktop\Sunshine\PuzzleGame\Win32Project3\Debug\link.8012-rc.read.1.tlog
C:\Users\Owner\Desktop\Sunshine\PuzzleGame\Win32Project3\Debug\link.8012-rc.write.1.tlog
C:\Users\Owner\Desktop\Sunshine\PuzzleGame\Win32Project3\Debug\link.8012.read.1.tlog
C:\Users\Owner\Desktop\Sunshine\PuzzleGame\Win32Project3\Debug\link.8012.read.2.tlog
C:\Users\Owner\Desktop\Sunshine\PuzzleGame\Win32Project3\Debug\link.8012.write.1.tlog
C:\Users\Owner\Desktop\Sunshine\PuzzleGame\Win32Project3\Debug\link.command.1.tlog
C:\Users\Owner\Desktop\Sunshine\PuzzleGame\Win32Project3\Debug\link.read.1.tlog
C:\Users\Owner\Desktop\Sunshine\PuzzleGame\Win32Project3\Debug\link.read.2.tlog
C:\Users\Owner\Desktop\Sunshine\PuzzleGame\Win32Project3\Debug\link.write.1.tlog
C:\Users\Owner\Desktop\Sunshine\PuzzleGame\Win32Project3\Debug\vc110.idb
C:\Users\Owner\Desktop\Sunshine\PuzzleGame\Win32Project3\Debug\vc110.pdb
C:\Users\Owner\Desktop\Sunshine\PuzzleGame\Debug\PuzzleGame.pdb
C:\Users\Owner\Desktop\Sunshine\PuzzleGame\Debug\PuzzleGame.exe
C:\Users\Owner\Desktop\Sunshine\PuzzleGame\Debug\PuzzleGame.ilk
