Build started 29/08/2015 1:38:58 PM.
     1>Project "C:\Users\Owner\Desktop\Sunshine\PuzzleGame\Win32Project3\Win32Project3.vcxproj" on node 2 (Rebuild target(s)).
     1>ClCompile:
         C:\Program Files (x86)\Microsoft Visual Studio 11.0\VC\bin\CL.exe /c /I"C:\SFML-2.3.1\include" /I"C:\Program Files (x86)\Visual Leak Detector\include" /ZI /nologo /W3 /WX- /Od /Oy- /D WIN32 /D _DEBUG /D _CONSOLE /D SFML_STATIC /D _UNICODE /D UNICODE /Gm /EHsc /RTC1 /MDd /GS /fp:precise /Zc:wchar_t /Zc:forScope /Fo"Debug\\" /Fd"Debug\vc110.pdb" /Gd /TP /analyze- /errorReport:prompt Block.cpp Blocktree.cpp MainMenu.cpp GameLoop.cpp TimedResourceHolder.cpp
         TimedResourceHolder.cpp
     1>c:\users\owner\desktop\sunshine\puzzlegame\win32project3\timedresourceholder.cpp(242): warning C4390: ';' : empty controlled statement found; is this the intent?
         GameLoop.cpp
     1>c:\users\owner\desktop\sunshine\puzzlegame\win32project3\gameloop.cpp(112): warning C4390: ';' : empty controlled statement found; is this the intent?
         MainMenu.cpp
     1>c:\users\owner\desktop\sunshine\puzzlegame\win32project3\mainmenu.cpp(137): warning C4244: 'initializing' : conversion from 'float' to 'int', possible loss of data
     1>c:\users\owner\desktop\sunshine\puzzlegame\win32project3\mainmenu.cpp(138): warning C4244: 'initializing' : conversion from 'float' to 'int', possible loss of data
     1>c:\users\owner\desktop\sunshine\puzzlegame\win32project3\mainmenu.cpp(140): warning C4244: 'argument' : conversion from 'int' to 'float', possible loss of data
     1>c:\users\owner\desktop\sunshine\puzzlegame\win32project3\mainmenu.cpp(143): warning C4244: 'argument' : conversion from 'int' to 'float', possible loss of data
     1>c:\users\owner\desktop\sunshine\puzzlegame\win32project3\mainmenu.cpp(146): warning C4244: 'argument' : conversion from 'int' to 'float', possible loss of data
     1>c:\users\owner\desktop\sunshine\puzzlegame\win32project3\mainmenu.cpp(153): warning C4244: 'argument' : conversion from 'int' to 'float', possible loss of data
         Blocktree.cpp
     1>c:\users\owner\desktop\sunshine\puzzlegame\win32project3\blocktree.cpp(17): warning C4244: 'argument' : conversion from 'time_t' to 'unsigned int', possible loss of data
     1>c:\users\owner\desktop\sunshine\puzzlegame\win32project3\blocktree.cpp(66): warning C4244: 'initializing' : conversion from 'float' to 'int', possible loss of data
     1>c:\users\owner\desktop\sunshine\puzzlegame\win32project3\blocktree.cpp(67): warning C4244: 'initializing' : conversion from 'float' to 'int', possible loss of data
     1>c:\users\owner\desktop\sunshine\puzzlegame\win32project3\blocktree.cpp(69): warning C4244: 'argument' : conversion from 'int' to 'float', possible loss of data
     1>c:\users\owner\desktop\sunshine\puzzlegame\win32project3\blocktree.cpp(78): warning C4244: 'argument' : conversion from 'int' to 'float', possible loss of data
     1>c:\users\owner\desktop\sunshine\puzzlegame\win32project3\blocktree.cpp(125): warning C4244: 'argument' : conversion from 'int' to 'float', possible loss of data
     1>c:\users\owner\desktop\sunshine\puzzlegame\win32project3\blocktree.cpp(558): warning C4244: 'initializing' : conversion from 'float' to 'int', possible loss of data
     1>c:\users\owner\desktop\sunshine\puzzlegame\win32project3\blocktree.cpp(559): warning C4244: 'initializing' : conversion from 'float' to 'int', possible loss of data
     1>c:\users\owner\desktop\sunshine\puzzlegame\win32project3\blocktree.cpp(565): warning C4244: 'argument' : conversion from 'int' to 'float', possible loss of data
     1>c:\users\owner\desktop\sunshine\puzzlegame\win32project3\blocktree.cpp(571): warning C4244: 'argument' : conversion from 'int' to 'float', possible loss of data
     1>c:\users\owner\desktop\sunshine\puzzlegame\win32project3\blocktree.cpp(575): warning C4244: 'argument' : conversion from 'int' to 'float', possible loss of data
     1>c:\users\owner\desktop\sunshine\puzzlegame\win32project3\blocktree.cpp(584): warning C4244: 'argument' : conversion from 'int' to 'float', possible loss of data
     1>c:\users\owner\desktop\sunshine\puzzlegame\win32project3\blocktree.cpp(763): warning C4244: 'initializing' : conversion from 'float' to 'int', possible loss of data
     1>c:\users\owner\desktop\sunshine\puzzlegame\win32project3\blocktree.cpp(764): warning C4244: 'initializing' : conversion from 'float' to 'int', possible loss of data
     1>c:\users\owner\desktop\sunshine\puzzlegame\win32project3\blocktree.cpp(766): warning C4244: 'argument' : conversion from 'int' to 'float', possible loss of data
     1>c:\users\owner\desktop\sunshine\puzzlegame\win32project3\blocktree.cpp(774): warning C4244: 'argument' : conversion from 'int' to 'float', possible loss of data
     1>c:\users\owner\desktop\sunshine\puzzlegame\win32project3\blocktree.cpp(799): warning C4244: 'initializing' : conversion from 'double' to 'float', possible loss of data
     1>c:\users\owner\desktop\sunshine\puzzlegame\win32project3\blocktree.cpp(802): warning C4244: '=' : conversion from 'double' to 'float', possible loss of data
     1>c:\users\owner\desktop\sunshine\puzzlegame\win32project3\blocktree.cpp(849): warning C4018: '<' : signed/unsigned mismatch
         Block.cpp
         Generating Code...
     1>c:\users\owner\desktop\sunshine\puzzlegame\win32project3\blocktree.cpp(131): warning C4715: 'Blocktree::clickOccur_clear' : not all control paths return a value
     1>c:\users\owner\desktop\sunshine\puzzlegame\win32project3\mainmenu.cpp(201): warning C4715: 'MainMenu::scanHighScores' : not all control paths return a value
       Link:
         C:\Program Files (x86)\Microsoft Visual Studio 11.0\VC\bin\link.exe /ERRORREPORT:PROMPT /OUT:"C:\Users\Owner\Desktop\Sunshine\PuzzleGame\Debug\PuzzleGame.exe" /INCREMENTAL /NOLOGO /LIBPATH:"C:\SFML-2.3.1\lib" /LIBPATH:"C:\Program Files (x86)\Visual Leak Detector\lib\Win32" "sfml-graphics-s-d.lib" freetype.lib jpeg.lib "sfml-window-s-d.lib" opengl32.lib "sfml-system-s-d.lib" winmm.lib "sfml-audio-s-d.lib" openal32.lib "sfml-network-s-d.lib" ws2_32.lib "sfml-main-d.lib" kernel32.lib user32.lib gdi32.lib winspool.lib comdlg32.lib advapi32.lib shell32.lib ole32.lib oleaut32.lib uuid.lib odbc32.lib odbccp32.lib /MANIFEST /MANIFESTUAC:"level='asInvoker' uiAccess='false'" /manifest:embed /DEBUG /PDB:"C:\Users\Owner\Desktop\Sunshine\PuzzleGame\Debug\PuzzleGame.pdb" /SUBSYSTEM:WINDOWS /TLBID:1 /DYNAMICBASE /NXCOMPAT /IMPLIB:"C:\Users\Owner\Desktop\Sunshine\PuzzleGame\Debug\PuzzleGame.lib" /MACHINE:X86 Debug\Block.obj
         Debug\Blocktree.obj
         Debug\MainMenu.obj
         Debug\GameLoop.obj
         Debug\TimedResourceHolder.obj
     1>sfml-graphics-s-d.lib(BlendMode.cpp.obj) : warning LNK4099: PDB 'vc110.pdb' was not found with 'sfml-graphics-s-d.lib(BlendMode.cpp.obj)' or at 'C:\Users\Owner\Desktop\Sunshine\PuzzleGame\Debug\vc110.pdb'; linking object as if no debug info
     1>sfml-graphics-s-d.lib(Color.cpp.obj) : warning LNK4099: PDB 'vc110.pdb' was not found with 'sfml-graphics-s-d.lib(Color.cpp.obj)' or at 'C:\Users\Owner\Desktop\Sunshine\PuzzleGame\Debug\vc110.pdb'; linking object as if no debug info
     1>sfml-graphics-s-d.lib(Font.cpp.obj) : warning LNK4099: PDB 'vc110.pdb' was not found with 'sfml-graphics-s-d.lib(Font.cpp.obj)' or at 'C:\Users\Owner\Desktop\Sunshine\PuzzleGame\Debug\vc110.pdb'; linking object as if no debug info
     1>sfml-graphics-s-d.lib(GLCheck.cpp.obj) : warning LNK4099: PDB 'vc110.pdb' was not found with 'sfml-graphics-s-d.lib(GLCheck.cpp.obj)' or at 'C:\Users\Owner\Desktop\Sunshine\PuzzleGame\Debug\vc110.pdb'; linking object as if no debug info
     1>sfml-graphics-s-d.lib(GLExtensions.cpp.obj) : warning LNK4099: PDB 'vc110.pdb' was not found with 'sfml-graphics-s-d.lib(GLExtensions.cpp.obj)' or at 'C:\Users\Owner\Desktop\Sunshine\PuzzleGame\Debug\vc110.pdb'; linking object as if no debug info
     1>sfml-graphics-s-d.lib(Image.cpp.obj) : warning LNK4099: PDB 'vc110.pdb' was not found with 'sfml-graphics-s-d.lib(Image.cpp.obj)' or at 'C:\Users\Owner\Desktop\Sunshine\PuzzleGame\Debug\vc110.pdb'; linking object as if no debug info
     1>sfml-graphics-s-d.lib(ImageLoader.cpp.obj) : warning LNK4099: PDB 'vc110.pdb' was not found with 'sfml-graphics-s-d.lib(ImageLoader.cpp.obj)' or at 'C:\Users\Owner\Desktop\Sunshine\PuzzleGame\Debug\vc110.pdb'; linking object as if no debug info
     1>sfml-graphics-s-d.lib(RenderStates.cpp.obj) : warning LNK4099: PDB 'vc110.pdb' was not found with 'sfml-graphics-s-d.lib(RenderStates.cpp.obj)' or at 'C:\Users\Owner\Desktop\Sunshine\PuzzleGame\Debug\vc110.pdb'; linking object as if no debug info
     1>sfml-graphics-s-d.lib(RenderTarget.cpp.obj) : warning LNK4099: PDB 'vc110.pdb' was not found with 'sfml-graphics-s-d.lib(RenderTarget.cpp.obj)' or at 'C:\Users\Owner\Desktop\Sunshine\PuzzleGame\Debug\vc110.pdb'; linking object as if no debug info
     1>sfml-graphics-s-d.lib(RenderWindow.cpp.obj) : warning LNK4099: PDB 'vc110.pdb' was not found with 'sfml-graphics-s-d.lib(RenderWindow.cpp.obj)' or at 'C:\Users\Owner\Desktop\Sunshine\PuzzleGame\Debug\vc110.pdb'; linking object as if no debug info
     1>sfml-graphics-s-d.lib(Shader.cpp.obj) : warning LNK4099: PDB 'vc110.pdb' was not found with 'sfml-graphics-s-d.lib(Shader.cpp.obj)' or at 'C:\Users\Owner\Desktop\Sunshine\PuzzleGame\Debug\vc110.pdb'; linking object as if no debug info
     1>sfml-graphics-s-d.lib(Texture.cpp.obj) : warning LNK4099: PDB 'vc110.pdb' was not found with 'sfml-graphics-s-d.lib(Texture.cpp.obj)' or at 'C:\Users\Owner\Desktop\Sunshine\PuzzleGame\Debug\vc110.pdb'; linking object as if no debug info
     1>sfml-graphics-s-d.lib(TextureSaver.cpp.obj) : warning LNK4099: PDB 'vc110.pdb' was not found with 'sfml-graphics-s-d.lib(TextureSaver.cpp.obj)' or at 'C:\Users\Owner\Desktop\Sunshine\PuzzleGame\Debug\vc110.pdb'; linking object as if no debug info
     1>sfml-graphics-s-d.lib(Transform.cpp.obj) : warning LNK4099: PDB 'vc110.pdb' was not found with 'sfml-graphics-s-d.lib(Transform.cpp.obj)' or at 'C:\Users\Owner\Desktop\Sunshine\PuzzleGame\Debug\vc110.pdb'; linking object as if no debug info
     1>sfml-graphics-s-d.lib(Transformable.cpp.obj) : warning LNK4099: PDB 'vc110.pdb' was not found with 'sfml-graphics-s-d.lib(Transformable.cpp.obj)' or at 'C:\Users\Owner\Desktop\Sunshine\PuzzleGame\Debug\vc110.pdb'; linking object as if no debug info
     1>sfml-graphics-s-d.lib(View.cpp.obj) : warning LNK4099: PDB 'vc110.pdb' was not found with 'sfml-graphics-s-d.lib(View.cpp.obj)' or at 'C:\Users\Owner\Desktop\Sunshine\PuzzleGame\Debug\vc110.pdb'; linking object as if no debug info
     1>sfml-graphics-s-d.lib(Vertex.cpp.obj) : warning LNK4099: PDB 'vc110.pdb' was not found with 'sfml-graphics-s-d.lib(Vertex.cpp.obj)' or at 'C:\Users\Owner\Desktop\Sunshine\PuzzleGame\Debug\vc110.pdb'; linking object as if no debug info
     1>sfml-graphics-s-d.lib(GLLoader.cpp.obj) : warning LNK4099: PDB 'vc110.pdb' was not found with 'sfml-graphics-s-d.lib(GLLoader.cpp.obj)' or at 'C:\Users\Owner\Desktop\Sunshine\PuzzleGame\Debug\vc110.pdb'; linking object as if no debug info
     1>sfml-graphics-s-d.lib(Shape.cpp.obj) : warning LNK4099: PDB 'vc110.pdb' was not found with 'sfml-graphics-s-d.lib(Shape.cpp.obj)' or at 'C:\Users\Owner\Desktop\Sunshine\PuzzleGame\Debug\vc110.pdb'; linking object as if no debug info
     1>sfml-graphics-s-d.lib(RectangleShape.cpp.obj) : warning LNK4099: PDB 'vc110.pdb' was not found with 'sfml-graphics-s-d.lib(RectangleShape.cpp.obj)' or at 'C:\Users\Owner\Desktop\Sunshine\PuzzleGame\Debug\vc110.pdb'; linking object as if no debug info
     1>sfml-graphics-s-d.lib(Sprite.cpp.obj) : warning LNK4099: PDB 'vc110.pdb' was not found with 'sfml-graphics-s-d.lib(Sprite.cpp.obj)' or at 'C:\Users\Owner\Desktop\Sunshine\PuzzleGame\Debug\vc110.pdb'; linking object as if no debug info
     1>sfml-graphics-s-d.lib(Text.cpp.obj) : warning LNK4099: PDB 'vc110.pdb' was not found with 'sfml-graphics-s-d.lib(Text.cpp.obj)' or at 'C:\Users\Owner\Desktop\Sunshine\PuzzleGame\Debug\vc110.pdb'; linking object as if no debug info
     1>sfml-graphics-s-d.lib(VertexArray.cpp.obj) : warning LNK4099: PDB 'vc110.pdb' was not found with 'sfml-graphics-s-d.lib(VertexArray.cpp.obj)' or at 'C:\Users\Owner\Desktop\Sunshine\PuzzleGame\Debug\vc110.pdb'; linking object as if no debug info
     1>sfml-window-s-d.lib(Context.cpp.obj) : warning LNK4099: PDB 'vc110.pdb' was not found with 'sfml-window-s-d.lib(Context.cpp.obj)' or at 'C:\Users\Owner\Desktop\Sunshine\PuzzleGame\Debug\vc110.pdb'; linking object as if no debug info
     1>sfml-window-s-d.lib(GlContext.cpp.obj) : warning LNK4099: PDB 'vc110.pdb' was not found with 'sfml-window-s-d.lib(GlContext.cpp.obj)' or at 'C:\Users\Owner\Desktop\Sunshine\PuzzleGame\Debug\vc110.pdb'; linking object as if no debug info
     1>sfml-window-s-d.lib(GlResource.cpp.obj) : warning LNK4099: PDB 'vc110.pdb' was not found with 'sfml-window-s-d.lib(GlResource.cpp.obj)' or at 'C:\Users\Owner\Desktop\Sunshine\PuzzleGame\Debug\vc110.pdb'; linking object as if no debug info
     1>sfml-window-s-d.lib(Joystick.cpp.obj) : warning LNK4099: PDB 'vc110.pdb' was not found with 'sfml-window-s-d.lib(Joystick.cpp.obj)' or at 'C:\Users\Owner\Desktop\Sunshine\PuzzleGame\Debug\vc110.pdb'; linking object as if no debug info
     1>sfml-window-s-d.lib(JoystickManager.cpp.obj) : warning LNK4099: PDB 'vc110.pdb' was not found with 'sfml-window-s-d.lib(JoystickManager.cpp.obj)' or at 'C:\Users\Owner\Desktop\Sunshine\PuzzleGame\Debug\vc110.pdb'; linking object as if no debug info
     1>sfml-window-s-d.lib(Keyboard.cpp.obj) : warning LNK4099: PDB 'vc110.pdb' was not found with 'sfml-window-s-d.lib(Keyboard.cpp.obj)' or at 'C:\Users\Owner\Desktop\Sunshine\PuzzleGame\Debug\vc110.pdb'; linking object as if no debug info
     1>sfml-window-s-d.lib(Mouse.cpp.obj) : warning LNK4099: PDB 'vc110.pdb' was not found with 'sfml-window-s-d.lib(Mouse.cpp.obj)' or at 'C:\Users\Owner\Desktop\Sunshine\PuzzleGame\Debug\vc110.pdb'; linking object as if no debug info
     1>sfml-window-s-d.lib(SensorManager.cpp.obj) : warning LNK4099: PDB 'vc110.pdb' was not found with 'sfml-window-s-d.lib(SensorManager.cpp.obj)' or at 'C:\Users\Owner\Desktop\Sunshine\PuzzleGame\Debug\vc110.pdb'; linking object as if no debug info
     1>sfml-window-s-d.lib(VideoMode.cpp.obj) : warning LNK4099: PDB 'vc110.pdb' was not found with 'sfml-window-s-d.lib(VideoMode.cpp.obj)' or at 'C:\Users\Owner\Desktop\Sunshine\PuzzleGame\Debug\vc110.pdb'; linking object as if no debug info
     1>sfml-window-s-d.lib(Window.cpp.obj) : warning LNK4099: PDB 'vc110.pdb' was not found with 'sfml-window-s-d.lib(Window.cpp.obj)' or at 'C:\Users\Owner\Desktop\Sunshine\PuzzleGame\Debug\vc110.pdb'; linking object as if no debug info
     1>sfml-window-s-d.lib(WindowImpl.cpp.obj) : warning LNK4099: PDB 'vc110.pdb' was not found with 'sfml-window-s-d.lib(WindowImpl.cpp.obj)' or at 'C:\Users\Owner\Desktop\Sunshine\PuzzleGame\Debug\vc110.pdb'; linking object as if no debug info
     1>sfml-window-s-d.lib(WglContext.cpp.obj) : warning LNK4099: PDB 'vc110.pdb' was not found with 'sfml-window-s-d.lib(WglContext.cpp.obj)' or at 'C:\Users\Owner\Desktop\Sunshine\PuzzleGame\Debug\vc110.pdb'; linking object as if no debug info
     1>sfml-window-s-d.lib(WglExtensions.cpp.obj) : warning LNK4099: PDB 'vc110.pdb' was not found with 'sfml-window-s-d.lib(WglExtensions.cpp.obj)' or at 'C:\Users\Owner\Desktop\Sunshine\PuzzleGame\Debug\vc110.pdb'; linking object as if no debug info
     1>sfml-window-s-d.lib(InputImpl.cpp.obj) : warning LNK4099: PDB 'vc110.pdb' was not found with 'sfml-window-s-d.lib(InputImpl.cpp.obj)' or at 'C:\Users\Owner\Desktop\Sunshine\PuzzleGame\Debug\vc110.pdb'; linking object as if no debug info
     1>sfml-window-s-d.lib(JoystickImpl.cpp.obj) : warning LNK4099: PDB 'vc110.pdb' was not found with 'sfml-window-s-d.lib(JoystickImpl.cpp.obj)' or at 'C:\Users\Owner\Desktop\Sunshine\PuzzleGame\Debug\vc110.pdb'; linking object as if no debug info
     1>sfml-window-s-d.lib(SensorImpl.cpp.obj) : warning LNK4099: PDB 'vc110.pdb' was not found with 'sfml-window-s-d.lib(SensorImpl.cpp.obj)' or at 'C:\Users\Owner\Desktop\Sunshine\PuzzleGame\Debug\vc110.pdb'; linking object as if no debug info
     1>sfml-window-s-d.lib(VideoModeImpl.cpp.obj) : warning LNK4099: PDB 'vc110.pdb' was not found with 'sfml-window-s-d.lib(VideoModeImpl.cpp.obj)' or at 'C:\Users\Owner\Desktop\Sunshine\PuzzleGame\Debug\vc110.pdb'; linking object as if no debug info
     1>sfml-window-s-d.lib(WindowImplWin32.cpp.obj) : warning LNK4099: PDB 'vc110.pdb' was not found with 'sfml-window-s-d.lib(WindowImplWin32.cpp.obj)' or at 'C:\Users\Owner\Desktop\Sunshine\PuzzleGame\Debug\vc110.pdb'; linking object as if no debug info
     1>sfml-system-s-d.lib(Clock.cpp.obj) : warning LNK4099: PDB 'vc110.pdb' was not found with 'sfml-system-s-d.lib(Clock.cpp.obj)' or at 'C:\Users\Owner\Desktop\Sunshine\PuzzleGame\Debug\vc110.pdb'; linking object as if no debug info
     1>sfml-system-s-d.lib(Err.cpp.obj) : warning LNK4099: PDB 'vc110.pdb' was not found with 'sfml-system-s-d.lib(Err.cpp.obj)' or at 'C:\Users\Owner\Desktop\Sunshine\PuzzleGame\Debug\vc110.pdb'; linking object as if no debug info
     1>sfml-system-s-d.lib(Lock.cpp.obj) : warning LNK4099: PDB 'vc110.pdb' was not found with 'sfml-system-s-d.lib(Lock.cpp.obj)' or at 'C:\Users\Owner\Desktop\Sunshine\PuzzleGame\Debug\vc110.pdb'; linking object as if no debug info
     1>sfml-system-s-d.lib(Mutex.cpp.obj) : warning LNK4099: PDB 'vc110.pdb' was not found with 'sfml-system-s-d.lib(Mutex.cpp.obj)' or at 'C:\Users\Owner\Desktop\Sunshine\PuzzleGame\Debug\vc110.pdb'; linking object as if no debug info
     1>sfml-system-s-d.lib(Sleep.cpp.obj) : warning LNK4099: PDB 'vc110.pdb' was not found with 'sfml-system-s-d.lib(Sleep.cpp.obj)' or at 'C:\Users\Owner\Desktop\Sunshine\PuzzleGame\Debug\vc110.pdb'; linking object as if no debug info
     1>sfml-system-s-d.lib(String.cpp.obj) : warning LNK4099: PDB 'vc110.pdb' was not found with 'sfml-system-s-d.lib(String.cpp.obj)' or at 'C:\Users\Owner\Desktop\Sunshine\PuzzleGame\Debug\vc110.pdb'; linking object as if no debug info
     1>sfml-system-s-d.lib(ThreadLocal.cpp.obj) : warning LNK4099: PDB 'vc110.pdb' was not found with 'sfml-system-s-d.lib(ThreadLocal.cpp.obj)' or at 'C:\Users\Owner\Desktop\Sunshine\PuzzleGame\Debug\vc110.pdb'; linking object as if no debug info
     1>sfml-system-s-d.lib(Time.cpp.obj) : warning LNK4099: PDB 'vc110.pdb' was not found with 'sfml-system-s-d.lib(Time.cpp.obj)' or at 'C:\Users\Owner\Desktop\Sunshine\PuzzleGame\Debug\vc110.pdb'; linking object as if no debug info
     1>sfml-system-s-d.lib(ClockImpl.cpp.obj) : warning LNK4099: PDB 'vc110.pdb' was not found with 'sfml-system-s-d.lib(ClockImpl.cpp.obj)' or at 'C:\Users\Owner\Desktop\Sunshine\PuzzleGame\Debug\vc110.pdb'; linking object as if no debug info
     1>sfml-system-s-d.lib(MutexImpl.cpp.obj) : warning LNK4099: PDB 'vc110.pdb' was not found with 'sfml-system-s-d.lib(MutexImpl.cpp.obj)' or at 'C:\Users\Owner\Desktop\Sunshine\PuzzleGame\Debug\vc110.pdb'; linking object as if no debug info
     1>sfml-system-s-d.lib(SleepImpl.cpp.obj) : warning LNK4099: PDB 'vc110.pdb' was not found with 'sfml-system-s-d.lib(SleepImpl.cpp.obj)' or at 'C:\Users\Owner\Desktop\Sunshine\PuzzleGame\Debug\vc110.pdb'; linking object as if no debug info
     1>sfml-system-s-d.lib(ThreadLocalImpl.cpp.obj) : warning LNK4099: PDB 'vc110.pdb' was not found with 'sfml-system-s-d.lib(ThreadLocalImpl.cpp.obj)' or at 'C:\Users\Owner\Desktop\Sunshine\PuzzleGame\Debug\vc110.pdb'; linking object as if no debug info
     1>sfml-main-d.lib(MainWin32.cpp.obj) : warning LNK4099: PDB 'vc110.pdb' was not found with 'sfml-main-d.lib(MainWin32.cpp.obj)' or at 'C:\Users\Owner\Desktop\Sunshine\PuzzleGame\Debug\vc110.pdb'; linking object as if no debug info
         Win32Project3.vcxproj -> C:\Users\Owner\Desktop\Sunshine\PuzzleGame\Debug\PuzzleGame.exe
     1>Done Building Project "C:\Users\Owner\Desktop\Sunshine\PuzzleGame\Win32Project3\Win32Project3.vcxproj" (Rebuild target(s)).

Build succeeded.

Time Elapsed 00:00:04.72
