C:\USERS\OWNER\DESKTOP\SUNSHINE\WIN32PROJECT3\WIN32PROJECT3\DEBUG\BLOCK.OBJ
C:\USERS\OWNER\DESKTOP\SUNSHINE\WIN32PROJECT3\WIN32PROJECT3\DEBUG\BLOCKTREE.OBJ
C:\USERS\OWNER\DESKTOP\SUNSHINE\WIN32PROJECT3\WIN32PROJECT3\DEBUG\SOURCE.OBJ
C:\USERS\OWNER\DESKTOP\SUNSHINE\WIN32PROJECT3\WIN32PROJECT3\DEBUG\VC110.PDB
C:\USERS\OWNER\DESKTOP\SUNSHINE\WIN32PROJECT3\DEBUG\WIN32PROJECT3.ILK
C:\USERS\OWNER\DESKTOP\SUNSHINE\WIN32PROJECT3\DEBUG\WIN32PROJECT3.EXE
C:\USERS\OWNER\DESKTOP\SUNSHINE\WIN32PROJECT3\DEBUG\WIN32PROJECT3.PDB
C:\Users\Owner\Desktop\Sunshine\Win32Project3\Win32Project3\Debug\Block.obj
C:\Users\Owner\Desktop\Sunshine\Win32Project3\Win32Project3\Debug\Blocktree.obj
C:\Users\Owner\Desktop\Sunshine\Win32Project3\Win32Project3\Debug\Source.obj
C:\Users\Owner\Desktop\Sunshine\Win32Project3\Win32Project3\Debug\cl.command.1.tlog
C:\Users\Owner\Desktop\Sunshine\Win32Project3\Win32Project3\Debug\CL.read.1.tlog
C:\Users\Owner\Desktop\Sunshine\Win32Project3\Win32Project3\Debug\CL.write.1.tlog
C:\Users\Owner\Desktop\Sunshine\Win32Project3\Win32Project3\Debug\link-cvtres.read.1.tlog
C:\Users\Owner\Desktop\Sunshine\Win32Project3\Win32Project3\Debug\link-cvtres.write.1.tlog
C:\Users\Owner\Desktop\Sunshine\Win32Project3\Win32Project3\Debug\link-rc.read.1.tlog
C:\Users\Owner\Desktop\Sunshine\Win32Project3\Win32Project3\Debug\link-rc.write.1.tlog
C:\Users\Owner\Desktop\Sunshine\Win32Project3\Win32Project3\Debug\link.1180-cvtres.read.1.tlog
C:\Users\Owner\Desktop\Sunshine\Win32Project3\Win32Project3\Debug\link.1180-cvtres.write.1.tlog
C:\Users\Owner\Desktop\Sunshine\Win32Project3\Win32Project3\Debug\link.1180-rc.read.1.tlog
C:\Users\Owner\Desktop\Sunshine\Win32Project3\Win32Project3\Debug\link.1180-rc.write.1.tlog
C:\Users\Owner\Desktop\Sunshine\Win32Project3\Win32Project3\Debug\link.1180.read.1.tlog
C:\Users\Owner\Desktop\Sunshine\Win32Project3\Win32Project3\Debug\link.1180.write.1.tlog
C:\Users\Owner\Desktop\Sunshine\Win32Project3\Win32Project3\Debug\link.command.1.tlog
C:\Users\Owner\Desktop\Sunshine\Win32Project3\Win32Project3\Debug\link.read.1.tlog
C:\Users\Owner\Desktop\Sunshine\Win32Project3\Win32Project3\Debug\link.read.2.tlog
C:\Users\Owner\Desktop\Sunshine\Win32Project3\Win32Project3\Debug\link.write.1.tlog
C:\Users\Owner\Desktop\Sunshine\Win32Project3\Win32Project3\Debug\vc110.idb
C:\Users\Owner\Desktop\Sunshine\Win32Project3\Win32Project3\Debug\vc110.pdb
C:\Users\Owner\Desktop\Sunshine\Win32Project3\Debug\Win32Project3.pdb
C:\Users\Owner\Desktop\Sunshine\Win32Project3\Debug\Win32Project3.exe
C:\Users\Owner\Desktop\Sunshine\Win32Project3\Debug\Win32Project3.ilk
